{"level":"error","message":"Error: Cannot read properties of null (reading '0')\nStack: TypeError: Cannot read properties of null (reading '0')\n    at D:\\Frontend\\React-sushi-server\\service\\ProductService.js:181:31\n    at Array.map (<anonymous>)\n    at ProductService.change (D:\\Frontend\\React-sushi-server\\service\\ProductService.js:177:41)\n    at process.processTicksAndRejections (node:internal/process/task_queues:95:5)\n    at async change (D:\\Frontend\\React-sushi-server\\controllers\\ProductController.js:39:23))"}
{"level":"error","message":"Error: Cannot read properties of null (reading '0')\nStack: TypeError: Cannot read properties of null (reading '0')\n    at D:\\Frontend\\React-sushi-server\\service\\ProductService.js:181:31\n    at Array.map (<anonymous>)\n    at ProductService.change (D:\\Frontend\\React-sushi-server\\service\\ProductService.js:177:41)\n    at process.processTicksAndRejections (node:internal/process/task_queues:95:5)\n    at async change (D:\\Frontend\\React-sushi-server\\controllers\\ProductController.js:39:23))"}
{"level":"error","message":"Error: Cannot read properties of null (reading 'map')\nStack: TypeError: Cannot read properties of null (reading 'map')\n    at ProductService.change (D:\\Frontend\\React-sushi-server\\service\\ProductService.js:177:41)\n    at process.processTicksAndRejections (node:internal/process/task_queues:95:5)\n    at async change (D:\\Frontend\\React-sushi-server\\controllers\\ProductController.js:39:23))"}
{"level":"error","message":"Error: notNull Violation: productSize.price cannot be null\nStack: SequelizeValidationError: notNull Violation: productSize.price cannot be null\n    at InstanceValidator._validate (D:\\Frontend\\React-sushi-server\\node_modules\\sequelize\\lib\\instance-validator.js:50:13)\n    at process.processTicksAndRejections (node:internal/process/task_queues:95:5)\n    at async InstanceValidator._validateAndRunHooks (D:\\Frontend\\React-sushi-server\\node_modules\\sequelize\\lib\\instance-validator.js:60:7)\n    at async InstanceValidator.validate (D:\\Frontend\\React-sushi-server\\node_modules\\sequelize\\lib\\instance-validator.js:54:12)\n    at async model.save (D:\\Frontend\\React-sushi-server\\node_modules\\sequelize\\lib\\model.js:2426:7)\n    at async productSize.create (D:\\Frontend\\React-sushi-server\\node_modules\\sequelize\\lib\\model.js:1362:12)\n    at async D:\\Frontend\\React-sushi-server\\service\\ProductService.js:48:20\n    at async Promise.all (index 0)\n    at async ProductService.create (D:\\Frontend\\React-sushi-server\\service\\ProductService.js:56:30)\n    at async create (D:\\Frontend\\React-sushi-server\\controllers\\ProductController.js:6:23))"}
{"level":"error","message":"Error: INSERT или UPDATE в таблице \"products\" нарушает ограничение внешнего ключа \"products_categoryId_fkey\"\nStack: Error\n    at Query.run (D:\\Frontend\\React-sushi-server\\node_modules\\sequelize\\lib\\dialects\\postgres\\query.js:50:25)\n    at D:\\Frontend\\React-sushi-server\\node_modules\\sequelize\\lib\\sequelize.js:315:28\n    at process.processTicksAndRejections (node:internal/process/task_queues:95:5)\n    at async PostgresQueryInterface.insert (D:\\Frontend\\React-sushi-server\\node_modules\\sequelize\\lib\\dialects\\abstract\\query-interface.js:308:21)\n    at async model.save (D:\\Frontend\\React-sushi-server\\node_modules\\sequelize\\lib\\model.js:2490:35)\n    at async product.create (D:\\Frontend\\React-sushi-server\\node_modules\\sequelize\\lib\\model.js:1362:12)\n    at async ProductService.create (D:\\Frontend\\React-sushi-server\\service\\ProductService.js:31:25)\n    at async create (D:\\Frontend\\React-sushi-server\\controllers\\ProductController.js:6:23))"}
{"level":"error","message":"Error: неверный синтаксис для типа integer: \"undefined\"\nStack: Error\n    at Query.run (D:\\Frontend\\React-sushi-server\\node_modules\\sequelize\\lib\\dialects\\postgres\\query.js:50:25)\n    at D:\\Frontend\\React-sushi-server\\node_modules\\sequelize\\lib\\sequelize.js:315:28\n    at process.processTicksAndRejections (node:internal/process/task_queues:95:5)\n    at async PostgresQueryInterface.select (D:\\Frontend\\React-sushi-server\\node_modules\\sequelize\\lib\\dialects\\abstract\\query-interface.js:407:12)\n    at async product.findAll (D:\\Frontend\\React-sushi-server\\node_modules\\sequelize\\lib\\model.js:1140:21)\n    at async product.findOne (D:\\Frontend\\React-sushi-server\\node_modules\\sequelize\\lib\\model.js:1240:12)\n    at async ProductService.delete (D:\\Frontend\\React-sushi-server\\service\\ProductService.js:69:30)\n    at async delete (D:\\Frontend\\React-sushi-server\\controllers\\ProductController.js:15:22))"}
{"level":"error","message":"Error: Unexpected token \" in JSON at position 0\nStack: SyntaxError: Unexpected token \" in JSON at position 0\n    at JSON.parse (<anonymous>)\n    at createStrictSyntaxError (D:\\Frontend\\React-sushi-server\\node_modules\\body-parser\\lib\\types\\json.js:160:10)\n    at parse (D:\\Frontend\\React-sushi-server\\node_modules\\body-parser\\lib\\types\\json.js:83:15)\n    at D:\\Frontend\\React-sushi-server\\node_modules\\body-parser\\lib\\read.js:128:18\n    at AsyncResource.runInAsyncScope (node:async_hooks:203:9)\n    at invokeCallback (D:\\Frontend\\React-sushi-server\\node_modules\\raw-body\\index.js:231:16)\n    at done (D:\\Frontend\\React-sushi-server\\node_modules\\raw-body\\index.js:220:7)\n    at IncomingMessage.onEnd (D:\\Frontend\\React-sushi-server\\node_modules\\raw-body\\index.js:280:7)\n    at IncomingMessage.emit (node:events:513:28)\n    at endReadableNT (node:internal/streams/readable:1359:12))"}
{"level":"error","message":"Error: notNull Violation: category.orderIndex cannot be null\nStack: SequelizeValidationError: notNull Violation: category.orderIndex cannot be null\n    at InstanceValidator._validate (D:\\Frontend\\React-sushi-server\\node_modules\\sequelize\\lib\\instance-validator.js:50:13)\n    at process.processTicksAndRejections (node:internal/process/task_queues:95:5)\n    at async InstanceValidator._validateAndRunHooks (D:\\Frontend\\React-sushi-server\\node_modules\\sequelize\\lib\\instance-validator.js:60:7)\n    at async InstanceValidator.validate (D:\\Frontend\\React-sushi-server\\node_modules\\sequelize\\lib\\instance-validator.js:54:12)\n    at async model.save (D:\\Frontend\\React-sushi-server\\node_modules\\sequelize\\lib\\model.js:2426:7)\n    at async category.create (D:\\Frontend\\React-sushi-server\\node_modules\\sequelize\\lib\\model.js:1362:12)\n    at async CategoryService.create (D:\\Frontend\\React-sushi-server\\service\\CategoryService.js:11:22)\n    at async create (D:\\Frontend\\React-sushi-server\\controllers\\CategoryController.js:9:24))"}
{"level":"error","message":"Error: notNull Violation: category.orderIndex cannot be null\nStack: SequelizeValidationError: notNull Violation: category.orderIndex cannot be null\n    at InstanceValidator._validate (D:\\Frontend\\React-sushi-server\\node_modules\\sequelize\\lib\\instance-validator.js:50:13)\n    at process.processTicksAndRejections (node:internal/process/task_queues:95:5)\n    at async InstanceValidator._validateAndRunHooks (D:\\Frontend\\React-sushi-server\\node_modules\\sequelize\\lib\\instance-validator.js:60:7)\n    at async InstanceValidator.validate (D:\\Frontend\\React-sushi-server\\node_modules\\sequelize\\lib\\instance-validator.js:54:12)\n    at async model.save (D:\\Frontend\\React-sushi-server\\node_modules\\sequelize\\lib\\model.js:2426:7)\n    at async category.create (D:\\Frontend\\React-sushi-server\\node_modules\\sequelize\\lib\\model.js:1362:12)\n    at async CategoryService.create (D:\\Frontend\\React-sushi-server\\service\\CategoryService.js:12:22)\n    at async create (D:\\Frontend\\React-sushi-server\\controllers\\CategoryController.js:9:24))"}
{"level":"error","message":"Error: notNull Violation: category.orderIndex cannot be null\nStack: SequelizeValidationError: notNull Violation: category.orderIndex cannot be null\n    at InstanceValidator._validate (D:\\Frontend\\React-sushi-server\\node_modules\\sequelize\\lib\\instance-validator.js:50:13)\n    at process.processTicksAndRejections (node:internal/process/task_queues:95:5)\n    at async InstanceValidator._validateAndRunHooks (D:\\Frontend\\React-sushi-server\\node_modules\\sequelize\\lib\\instance-validator.js:60:7)\n    at async InstanceValidator.validate (D:\\Frontend\\React-sushi-server\\node_modules\\sequelize\\lib\\instance-validator.js:54:12)\n    at async model.save (D:\\Frontend\\React-sushi-server\\node_modules\\sequelize\\lib\\model.js:2426:7)\n    at async category.create (D:\\Frontend\\React-sushi-server\\node_modules\\sequelize\\lib\\model.js:1362:12)\n    at async CategoryService.create (D:\\Frontend\\React-sushi-server\\service\\CategoryService.js:12:22)\n    at async create (D:\\Frontend\\React-sushi-server\\controllers\\CategoryController.js:9:24))"}
{"level":"error","message":"Error: image.mv is not a function\nStack: TypeError: image.mv is not a function\n    at CategoryService.change (D:\\Frontend\\React-sushi-server\\service\\CategoryService.js:97:19)\n    at process.processTicksAndRejections (node:internal/process/task_queues:95:5)\n    at async change (D:\\Frontend\\React-sushi-server\\controllers\\CategoryController.js:41:22))"}
{"level":"error","message":"Error: image.mv is not a function\nStack: TypeError: image.mv is not a function\n    at CategoryService.change (D:\\Frontend\\React-sushi-server\\service\\CategoryService.js:97:19)\n    at process.processTicksAndRejections (node:internal/process/task_queues:95:5)\n    at async change (D:\\Frontend\\React-sushi-server\\controllers\\CategoryController.js:41:22))"}
{"level":"error","message":"Error: Cannot read properties of null (reading 'role')\nStack: TypeError: Cannot read properties of null (reading 'role')\n    at D:\\Frontend\\React-sushi-server\\middleware\\checkRoleMiddleware.js:33:19\n    at Layer.handle [as handle_request] (D:\\Frontend\\React-sushi-server\\node_modules\\express\\lib\\router\\layer.js:95:5)\n    at next (D:\\Frontend\\React-sushi-server\\node_modules\\express\\lib\\router\\route.js:144:13)\n    at Route.dispatch (D:\\Frontend\\React-sushi-server\\node_modules\\express\\lib\\router\\route.js:114:3)\n    at Layer.handle [as handle_request] (D:\\Frontend\\React-sushi-server\\node_modules\\express\\lib\\router\\layer.js:95:5)\n    at D:\\Frontend\\React-sushi-server\\node_modules\\express\\lib\\router\\index.js:284:15\n    at Function.process_params (D:\\Frontend\\React-sushi-server\\node_modules\\express\\lib\\router\\index.js:346:12)\n    at next (D:\\Frontend\\React-sushi-server\\node_modules\\express\\lib\\router\\index.js:280:10)\n    at expressInit (D:\\Frontend\\React-sushi-server\\node_modules\\express\\lib\\middleware\\init.js:40:5)\n    at Layer.handle [as handle_request] (D:\\Frontend\\React-sushi-server\\node_modules\\express\\lib\\router\\layer.js:95:5))"}
{"level":"error","message":"Error: image.mv is not a function\nStack: TypeError: image.mv is not a function\n    at CategoryService.change (D:\\Frontend\\React-sushi-server\\service\\CategoryService.js:94:19)\n    at process.processTicksAndRejections (node:internal/process/task_queues:95:5)\n    at async change (D:\\Frontend\\React-sushi-server\\controllers\\CategoryController.js:41:22))"}
{"level":"error","message":"Error: image.mv is not a function\nStack: TypeError: image.mv is not a function\n    at CategoryService.change (D:\\Frontend\\React-sushi-server\\service\\CategoryService.js:94:19)\n    at process.processTicksAndRejections (node:internal/process/task_queues:95:5)\n    at async change (D:\\Frontend\\React-sushi-server\\controllers\\CategoryController.js:41:22))"}
{"level":"error","message":"Error: Cannot read properties of null (reading 'role')\nStack: TypeError: Cannot read properties of null (reading 'role')\n    at D:\\Frontend\\React-sushi-server\\middleware\\checkRoleMiddleware.js:33:19\n    at Layer.handle [as handle_request] (D:\\Frontend\\React-sushi-server\\node_modules\\express\\lib\\router\\layer.js:95:5)\n    at next (D:\\Frontend\\React-sushi-server\\node_modules\\express\\lib\\router\\route.js:144:13)\n    at Route.dispatch (D:\\Frontend\\React-sushi-server\\node_modules\\express\\lib\\router\\route.js:114:3)\n    at Layer.handle [as handle_request] (D:\\Frontend\\React-sushi-server\\node_modules\\express\\lib\\router\\layer.js:95:5)\n    at D:\\Frontend\\React-sushi-server\\node_modules\\express\\lib\\router\\index.js:284:15\n    at Function.process_params (D:\\Frontend\\React-sushi-server\\node_modules\\express\\lib\\router\\index.js:346:12)\n    at next (D:\\Frontend\\React-sushi-server\\node_modules\\express\\lib\\router\\index.js:280:10)\n    at expressInit (D:\\Frontend\\React-sushi-server\\node_modules\\express\\lib\\middleware\\init.js:40:5)\n    at Layer.handle [as handle_request] (D:\\Frontend\\React-sushi-server\\node_modules\\express\\lib\\router\\layer.js:95:5))"}
{"level":"error","message":"Error: неверный синтаксис для типа integer: \"[object SequelizeInstance:category]1\"\nStack: Error\n    at Query.run (D:\\Frontend\\React-sushi-server\\node_modules\\sequelize\\lib\\dialects\\postgres\\query.js:50:25)\n    at D:\\Frontend\\React-sushi-server\\node_modules\\sequelize\\lib\\sequelize.js:315:28\n    at process.processTicksAndRejections (node:internal/process/task_queues:95:5)\n    at async PostgresQueryInterface.insert (D:\\Frontend\\React-sushi-server\\node_modules\\sequelize\\lib\\dialects\\abstract\\query-interface.js:308:21)\n    at async model.save (D:\\Frontend\\React-sushi-server\\node_modules\\sequelize\\lib\\model.js:2490:35)\n    at async category.create (D:\\Frontend\\React-sushi-server\\node_modules\\sequelize\\lib\\model.js:1362:12)\n    at async CategoryService.create (D:\\Frontend\\React-sushi-server\\service\\CategoryService.js:12:22)\n    at async create (D:\\Frontend\\React-sushi-server\\controllers\\CategoryController.js:9:24))"}
{"level":"error","message":"Error: неверный синтаксис для типа integer: \"[object SequelizeInstance:category]1\"\nStack: Error\n    at Query.run (D:\\Frontend\\React-sushi-server\\node_modules\\sequelize\\lib\\dialects\\postgres\\query.js:50:25)\n    at D:\\Frontend\\React-sushi-server\\node_modules\\sequelize\\lib\\sequelize.js:315:28\n    at process.processTicksAndRejections (node:internal/process/task_queues:95:5)\n    at async PostgresQueryInterface.insert (D:\\Frontend\\React-sushi-server\\node_modules\\sequelize\\lib\\dialects\\abstract\\query-interface.js:308:21)\n    at async model.save (D:\\Frontend\\React-sushi-server\\node_modules\\sequelize\\lib\\model.js:2490:35)\n    at async category.create (D:\\Frontend\\React-sushi-server\\node_modules\\sequelize\\lib\\model.js:1362:12)\n    at async CategoryService.create (D:\\Frontend\\React-sushi-server\\service\\CategoryService.js:12:22)\n    at async create (D:\\Frontend\\React-sushi-server\\controllers\\CategoryController.js:9:24))"}
{"level":"error","message":"Error: неверный синтаксис для типа integer: \"[object SequelizeInstance:category]1\"\nStack: Error\n    at Query.run (D:\\Frontend\\React-sushi-server\\node_modules\\sequelize\\lib\\dialects\\postgres\\query.js:50:25)\n    at D:\\Frontend\\React-sushi-server\\node_modules\\sequelize\\lib\\sequelize.js:315:28\n    at process.processTicksAndRejections (node:internal/process/task_queues:95:5)\n    at async PostgresQueryInterface.insert (D:\\Frontend\\React-sushi-server\\node_modules\\sequelize\\lib\\dialects\\abstract\\query-interface.js:308:21)\n    at async model.save (D:\\Frontend\\React-sushi-server\\node_modules\\sequelize\\lib\\model.js:2490:35)\n    at async category.create (D:\\Frontend\\React-sushi-server\\node_modules\\sequelize\\lib\\model.js:1362:12)\n    at async CategoryService.create (D:\\Frontend\\React-sushi-server\\service\\CategoryService.js:12:22)\n    at async create (D:\\Frontend\\React-sushi-server\\controllers\\CategoryController.js:9:24))"}
{"level":"error","message":"Error: Cannot read properties of null (reading 'role')\nStack: TypeError: Cannot read properties of null (reading 'role')\n    at D:\\Frontend\\React-sushi-server\\middleware\\checkRoleMiddleware.js:33:19\n    at Layer.handle [as handle_request] (D:\\Frontend\\React-sushi-server\\node_modules\\express\\lib\\router\\layer.js:95:5)\n    at next (D:\\Frontend\\React-sushi-server\\node_modules\\express\\lib\\router\\route.js:144:13)\n    at Route.dispatch (D:\\Frontend\\React-sushi-server\\node_modules\\express\\lib\\router\\route.js:114:3)\n    at Layer.handle [as handle_request] (D:\\Frontend\\React-sushi-server\\node_modules\\express\\lib\\router\\layer.js:95:5)\n    at D:\\Frontend\\React-sushi-server\\node_modules\\express\\lib\\router\\index.js:284:15\n    at param (D:\\Frontend\\React-sushi-server\\node_modules\\express\\lib\\router\\index.js:365:14)\n    at param (D:\\Frontend\\React-sushi-server\\node_modules\\express\\lib\\router\\index.js:376:14)\n    at Function.process_params (D:\\Frontend\\React-sushi-server\\node_modules\\express\\lib\\router\\index.js:421:3)\n    at next (D:\\Frontend\\React-sushi-server\\node_modules\\express\\lib\\router\\index.js:280:10))"}
{"level":"error","message":"Error: Cannot read properties of null (reading 'role')\nStack: TypeError: Cannot read properties of null (reading 'role')\n    at D:\\Frontend\\React-sushi-server\\middleware\\checkRoleMiddleware.js:33:19\n    at Layer.handle [as handle_request] (D:\\Frontend\\React-sushi-server\\node_modules\\express\\lib\\router\\layer.js:95:5)\n    at next (D:\\Frontend\\React-sushi-server\\node_modules\\express\\lib\\router\\route.js:144:13)\n    at Route.dispatch (D:\\Frontend\\React-sushi-server\\node_modules\\express\\lib\\router\\route.js:114:3)\n    at Layer.handle [as handle_request] (D:\\Frontend\\React-sushi-server\\node_modules\\express\\lib\\router\\layer.js:95:5)\n    at D:\\Frontend\\React-sushi-server\\node_modules\\express\\lib\\router\\index.js:284:15\n    at Function.process_params (D:\\Frontend\\React-sushi-server\\node_modules\\express\\lib\\router\\index.js:346:12)\n    at next (D:\\Frontend\\React-sushi-server\\node_modules\\express\\lib\\router\\index.js:280:10)\n    at expressInit (D:\\Frontend\\React-sushi-server\\node_modules\\express\\lib\\middleware\\init.js:40:5)\n    at Layer.handle [as handle_request] (D:\\Frontend\\React-sushi-server\\node_modules\\express\\lib\\router\\layer.js:95:5))"}
{"level":"error","message":"Error: Cannot read properties of null (reading 'role')\nStack: TypeError: Cannot read properties of null (reading 'role')\n    at D:\\Frontend\\React-sushi-server\\middleware\\checkRoleMiddleware.js:33:19\n    at Layer.handle [as handle_request] (D:\\Frontend\\React-sushi-server\\node_modules\\express\\lib\\router\\layer.js:95:5)\n    at next (D:\\Frontend\\React-sushi-server\\node_modules\\express\\lib\\router\\route.js:144:13)\n    at Route.dispatch (D:\\Frontend\\React-sushi-server\\node_modules\\express\\lib\\router\\route.js:114:3)\n    at Layer.handle [as handle_request] (D:\\Frontend\\React-sushi-server\\node_modules\\express\\lib\\router\\layer.js:95:5)\n    at D:\\Frontend\\React-sushi-server\\node_modules\\express\\lib\\router\\index.js:284:15\n    at Function.process_params (D:\\Frontend\\React-sushi-server\\node_modules\\express\\lib\\router\\index.js:346:12)\n    at next (D:\\Frontend\\React-sushi-server\\node_modules\\express\\lib\\router\\index.js:280:10)\n    at expressInit (D:\\Frontend\\React-sushi-server\\node_modules\\express\\lib\\middleware\\init.js:40:5)\n    at Layer.handle [as handle_request] (D:\\Frontend\\React-sushi-server\\node_modules\\express\\lib\\router\\layer.js:95:5))"}
{"level":"error","message":"Error: Cannot read properties of null (reading 'role')\nStack: TypeError: Cannot read properties of null (reading 'role')\n    at D:\\Frontend\\React-sushi-server\\middleware\\checkRoleMiddleware.js:33:19\n    at Layer.handle [as handle_request] (D:\\Frontend\\React-sushi-server\\node_modules\\express\\lib\\router\\layer.js:95:5)\n    at next (D:\\Frontend\\React-sushi-server\\node_modules\\express\\lib\\router\\route.js:144:13)\n    at Route.dispatch (D:\\Frontend\\React-sushi-server\\node_modules\\express\\lib\\router\\route.js:114:3)\n    at Layer.handle [as handle_request] (D:\\Frontend\\React-sushi-server\\node_modules\\express\\lib\\router\\layer.js:95:5)\n    at D:\\Frontend\\React-sushi-server\\node_modules\\express\\lib\\router\\index.js:284:15\n    at Function.process_params (D:\\Frontend\\React-sushi-server\\node_modules\\express\\lib\\router\\index.js:346:12)\n    at next (D:\\Frontend\\React-sushi-server\\node_modules\\express\\lib\\router\\index.js:280:10)\n    at expressInit (D:\\Frontend\\React-sushi-server\\node_modules\\express\\lib\\middleware\\init.js:40:5)\n    at Layer.handle [as handle_request] (D:\\Frontend\\React-sushi-server\\node_modules\\express\\lib\\router\\layer.js:95:5))"}
{"level":"error","message":"Error: Cannot read properties of null (reading 'role')\nStack: TypeError: Cannot read properties of null (reading 'role')\n    at D:\\Frontend\\React-sushi-server\\middleware\\checkRoleMiddleware.js:33:19\n    at Layer.handle [as handle_request] (D:\\Frontend\\React-sushi-server\\node_modules\\express\\lib\\router\\layer.js:95:5)\n    at next (D:\\Frontend\\React-sushi-server\\node_modules\\express\\lib\\router\\route.js:144:13)\n    at Route.dispatch (D:\\Frontend\\React-sushi-server\\node_modules\\express\\lib\\router\\route.js:114:3)\n    at Layer.handle [as handle_request] (D:\\Frontend\\React-sushi-server\\node_modules\\express\\lib\\router\\layer.js:95:5)\n    at D:\\Frontend\\React-sushi-server\\node_modules\\express\\lib\\router\\index.js:284:15\n    at Function.process_params (D:\\Frontend\\React-sushi-server\\node_modules\\express\\lib\\router\\index.js:346:12)\n    at next (D:\\Frontend\\React-sushi-server\\node_modules\\express\\lib\\router\\index.js:280:10)\n    at expressInit (D:\\Frontend\\React-sushi-server\\node_modules\\express\\lib\\middleware\\init.js:40:5)\n    at Layer.handle [as handle_request] (D:\\Frontend\\React-sushi-server\\node_modules\\express\\lib\\router\\layer.js:95:5))"}
{"level":"error","message":"Error: Cannot destructure property 'page' of 'req.query.params' as it is undefined.\nStack: TypeError: Cannot destructure property 'page' of 'req.query.params' as it is undefined.\n    at getAll (D:\\Frontend\\React-sushi-server\\controllers\\PromoCodeController.js:18:21)\n    at Layer.handle [as handle_request] (D:\\Frontend\\React-sushi-server\\node_modules\\express\\lib\\router\\layer.js:95:5)\n    at next (D:\\Frontend\\React-sushi-server\\node_modules\\express\\lib\\router\\route.js:144:13)\n    at D:\\Frontend\\React-sushi-server\\middleware\\checkRoleMiddleware.js:42:7\n    at Layer.handle [as handle_request] (D:\\Frontend\\React-sushi-server\\node_modules\\express\\lib\\router\\layer.js:95:5)\n    at next (D:\\Frontend\\React-sushi-server\\node_modules\\express\\lib\\router\\route.js:144:13)\n    at Route.dispatch (D:\\Frontend\\React-sushi-server\\node_modules\\express\\lib\\router\\route.js:114:3)\n    at Layer.handle [as handle_request] (D:\\Frontend\\React-sushi-server\\node_modules\\express\\lib\\router\\layer.js:95:5)\n    at D:\\Frontend\\React-sushi-server\\node_modules\\express\\lib\\router\\index.js:284:15\n    at Function.process_params (D:\\Frontend\\React-sushi-server\\node_modules\\express\\lib\\router\\index.js:346:12))"}
{"level":"error","message":"Error: неверный синтаксис для типа bigint: \"null\"\nStack: Error\n    at Query.run (D:\\Frontend\\React-sushi-server\\node_modules\\sequelize\\lib\\dialects\\postgres\\query.js:50:25)\n    at D:\\Frontend\\React-sushi-server\\node_modules\\sequelize\\lib\\sequelize.js:315:28\n    at process.processTicksAndRejections (node:internal/process/task_queues:95:5)\n    at async PostgresQueryInterface.select (D:\\Frontend\\React-sushi-server\\node_modules\\sequelize\\lib\\dialects\\abstract\\query-interface.js:407:12)\n    at async promocode.findAll (D:\\Frontend\\React-sushi-server\\node_modules\\sequelize\\lib\\model.js:1140:21)\n    at async Promise.all (index 1)\n    at async promocode.findAndCountAll (D:\\Frontend\\React-sushi-server\\node_modules\\sequelize\\lib\\model.js:1322:27)\n    at async PromoCodeService.getAll (D:\\Frontend\\React-sushi-server\\service\\PromoCodeService.js:73:28)\n    at async getAll (D:\\Frontend\\React-sushi-server\\controllers\\PromoCodeController.js:19:32))"}
{"level":"error","message":"Error: Cannot read properties of null (reading 'role')\nStack: TypeError: Cannot read properties of null (reading 'role')\n    at D:\\Frontend\\React-sushi-server\\middleware\\checkRoleMiddleware.js:33:19\n    at Layer.handle [as handle_request] (D:\\Frontend\\React-sushi-server\\node_modules\\express\\lib\\router\\layer.js:95:5)\n    at next (D:\\Frontend\\React-sushi-server\\node_modules\\express\\lib\\router\\route.js:144:13)\n    at Route.dispatch (D:\\Frontend\\React-sushi-server\\node_modules\\express\\lib\\router\\route.js:114:3)\n    at Layer.handle [as handle_request] (D:\\Frontend\\React-sushi-server\\node_modules\\express\\lib\\router\\layer.js:95:5)\n    at D:\\Frontend\\React-sushi-server\\node_modules\\express\\lib\\router\\index.js:284:15\n    at Function.process_params (D:\\Frontend\\React-sushi-server\\node_modules\\express\\lib\\router\\index.js:346:12)\n    at next (D:\\Frontend\\React-sushi-server\\node_modules\\express\\lib\\router\\index.js:280:10)\n    at expressInit (D:\\Frontend\\React-sushi-server\\node_modules\\express\\lib\\middleware\\init.js:40:5)\n    at Layer.handle [as handle_request] (D:\\Frontend\\React-sushi-server\\node_modules\\express\\lib\\router\\layer.js:95:5))"}
{"level":"error","message":"Error: Cannot read properties of null (reading 'role')\nStack: TypeError: Cannot read properties of null (reading 'role')\n    at D:\\Frontend\\React-sushi-server\\middleware\\checkRoleMiddleware.js:33:19\n    at Layer.handle [as handle_request] (D:\\Frontend\\React-sushi-server\\node_modules\\express\\lib\\router\\layer.js:95:5)\n    at next (D:\\Frontend\\React-sushi-server\\node_modules\\express\\lib\\router\\route.js:144:13)\n    at Route.dispatch (D:\\Frontend\\React-sushi-server\\node_modules\\express\\lib\\router\\route.js:114:3)\n    at Layer.handle [as handle_request] (D:\\Frontend\\React-sushi-server\\node_modules\\express\\lib\\router\\layer.js:95:5)\n    at D:\\Frontend\\React-sushi-server\\node_modules\\express\\lib\\router\\index.js:284:15\n    at Function.process_params (D:\\Frontend\\React-sushi-server\\node_modules\\express\\lib\\router\\index.js:346:12)\n    at next (D:\\Frontend\\React-sushi-server\\node_modules\\express\\lib\\router\\index.js:280:10)\n    at expressInit (D:\\Frontend\\React-sushi-server\\node_modules\\express\\lib\\middleware\\init.js:40:5)\n    at Layer.handle [as handle_request] (D:\\Frontend\\React-sushi-server\\node_modules\\express\\lib\\router\\layer.js:95:5))"}
{"level":"error","message":"Error: Cannot read properties of null (reading 'role')\nStack: TypeError: Cannot read properties of null (reading 'role')\n    at D:\\Frontend\\React-sushi-server\\middleware\\checkRoleMiddleware.js:33:19\n    at Layer.handle [as handle_request] (D:\\Frontend\\React-sushi-server\\node_modules\\express\\lib\\router\\layer.js:95:5)\n    at next (D:\\Frontend\\React-sushi-server\\node_modules\\express\\lib\\router\\route.js:144:13)\n    at Route.dispatch (D:\\Frontend\\React-sushi-server\\node_modules\\express\\lib\\router\\route.js:114:3)\n    at Layer.handle [as handle_request] (D:\\Frontend\\React-sushi-server\\node_modules\\express\\lib\\router\\layer.js:95:5)\n    at D:\\Frontend\\React-sushi-server\\node_modules\\express\\lib\\router\\index.js:284:15\n    at Function.process_params (D:\\Frontend\\React-sushi-server\\node_modules\\express\\lib\\router\\index.js:346:12)\n    at next (D:\\Frontend\\React-sushi-server\\node_modules\\express\\lib\\router\\index.js:280:10)\n    at expressInit (D:\\Frontend\\React-sushi-server\\node_modules\\express\\lib\\middleware\\init.js:40:5)\n    at Layer.handle [as handle_request] (D:\\Frontend\\React-sushi-server\\node_modules\\express\\lib\\router\\layer.js:95:5))"}
{"level":"error","message":"Error: Cannot read properties of null (reading 'role')\nStack: TypeError: Cannot read properties of null (reading 'role')\n    at D:\\Frontend\\React-sushi-server\\middleware\\checkRoleMiddleware.js:33:19\n    at Layer.handle [as handle_request] (D:\\Frontend\\React-sushi-server\\node_modules\\express\\lib\\router\\layer.js:95:5)\n    at next (D:\\Frontend\\React-sushi-server\\node_modules\\express\\lib\\router\\route.js:144:13)\n    at Route.dispatch (D:\\Frontend\\React-sushi-server\\node_modules\\express\\lib\\router\\route.js:114:3)\n    at Layer.handle [as handle_request] (D:\\Frontend\\React-sushi-server\\node_modules\\express\\lib\\router\\layer.js:95:5)\n    at D:\\Frontend\\React-sushi-server\\node_modules\\express\\lib\\router\\index.js:284:15\n    at Function.process_params (D:\\Frontend\\React-sushi-server\\node_modules\\express\\lib\\router\\index.js:346:12)\n    at next (D:\\Frontend\\React-sushi-server\\node_modules\\express\\lib\\router\\index.js:280:10)\n    at expressInit (D:\\Frontend\\React-sushi-server\\node_modules\\express\\lib\\middleware\\init.js:40:5)\n    at Layer.handle [as handle_request] (D:\\Frontend\\React-sushi-server\\node_modules\\express\\lib\\router\\layer.js:95:5))"}
{"level":"error","message":"Error: Cannot read properties of null (reading 'role')\nStack: TypeError: Cannot read properties of null (reading 'role')\n    at D:\\Frontend\\React-sushi-server\\middleware\\checkRoleMiddleware.js:33:19\n    at Layer.handle [as handle_request] (D:\\Frontend\\React-sushi-server\\node_modules\\express\\lib\\router\\layer.js:95:5)\n    at next (D:\\Frontend\\React-sushi-server\\node_modules\\express\\lib\\router\\route.js:144:13)\n    at Route.dispatch (D:\\Frontend\\React-sushi-server\\node_modules\\express\\lib\\router\\route.js:114:3)\n    at Layer.handle [as handle_request] (D:\\Frontend\\React-sushi-server\\node_modules\\express\\lib\\router\\layer.js:95:5)\n    at D:\\Frontend\\React-sushi-server\\node_modules\\express\\lib\\router\\index.js:284:15\n    at Function.process_params (D:\\Frontend\\React-sushi-server\\node_modules\\express\\lib\\router\\index.js:346:12)\n    at next (D:\\Frontend\\React-sushi-server\\node_modules\\express\\lib\\router\\index.js:280:10)\n    at expressInit (D:\\Frontend\\React-sushi-server\\node_modules\\express\\lib\\middleware\\init.js:40:5)\n    at Layer.handle [as handle_request] (D:\\Frontend\\React-sushi-server\\node_modules\\express\\lib\\router\\layer.js:95:5))"}
{"level":"error","message":"Error: столбец promocode.asset_name не существует\nStack: Error\n    at Query.run (D:\\Frontend\\React-sushi-server\\node_modules\\sequelize\\lib\\dialects\\postgres\\query.js:50:25)\n    at D:\\Frontend\\React-sushi-server\\node_modules\\sequelize\\lib\\sequelize.js:315:28\n    at async PostgresQueryInterface.select (D:\\Frontend\\React-sushi-server\\node_modules\\sequelize\\lib\\dialects\\abstract\\query-interface.js:407:12)\n    at async promocode.findAll (D:\\Frontend\\React-sushi-server\\node_modules\\sequelize\\lib\\model.js:1140:21)\n    at async Promise.all (index 1)\n    at async promocode.findAndCountAll (D:\\Frontend\\React-sushi-server\\node_modules\\sequelize\\lib\\model.js:1322:27)\n    at async PromoCodeService.getAll (D:\\Frontend\\React-sushi-server\\service\\PromoCodeService.js:74:28)\n    at async getAll (D:\\Frontend\\React-sushi-server\\controllers\\PromoCodeController.js:19:32))"}
{"level":"error","message":"Error: Unexpected token + in JSON at position 16\nStack: SyntaxError: Unexpected token + in JSON at position 16\n    at JSON.parse (<anonymous>)\n    at parse (D:\\Frontend\\React-sushi-server\\node_modules\\body-parser\\lib\\types\\json.js:89:19)\n    at D:\\Frontend\\React-sushi-server\\node_modules\\body-parser\\lib\\read.js:128:18\n    at AsyncResource.runInAsyncScope (node:async_hooks:203:9)\n    at invokeCallback (D:\\Frontend\\React-sushi-server\\node_modules\\raw-body\\index.js:231:16)\n    at done (D:\\Frontend\\React-sushi-server\\node_modules\\raw-body\\index.js:220:7)\n    at IncomingMessage.onEnd (D:\\Frontend\\React-sushi-server\\node_modules\\raw-body\\index.js:280:7)\n    at IncomingMessage.emit (node:events:513:28)\n    at endReadableNT (node:internal/streams/readable:1359:12)\n    at process.processTicksAndRejections (node:internal/process/task_queues:82:21))"}
{"level":"error","message":"Error: WHERE parameter \"tel\" has invalid \"undefined\" value\nStack: Error: WHERE parameter \"tel\" has invalid \"undefined\" value\n    at PostgresQueryGenerator.whereItemQuery (D:\\Frontend\\React-sushi-server\\node_modules\\sequelize\\lib\\dialects\\abstract\\query-generator.js:1739:13)\n    at D:\\Frontend\\React-sushi-server\\node_modules\\sequelize\\lib\\dialects\\abstract\\query-generator.js:1730:25\n    at Array.forEach (<anonymous>)\n    at PostgresQueryGenerator.whereItemsQuery (D:\\Frontend\\React-sushi-server\\node_modules\\sequelize\\lib\\dialects\\abstract\\query-generator.js:1728:35)\n    at PostgresQueryGenerator.getWhereConditions (D:\\Frontend\\React-sushi-server\\node_modules\\sequelize\\lib\\dialects\\abstract\\query-generator.js:2071:19)\n    at PostgresQueryGenerator.selectQuery (D:\\Frontend\\React-sushi-server\\node_modules\\sequelize\\lib\\dialects\\abstract\\query-generator.js:988:28)\n    at PostgresQueryInterface.select (D:\\Frontend\\React-sushi-server\\node_modules\\sequelize\\lib\\dialects\\abstract\\query-interface.js:407:59)\n    at user.findAll (D:\\Frontend\\React-sushi-server\\node_modules\\sequelize\\lib\\model.js:1140:47)\n    at process.processTicksAndRejections (node:internal/process/task_queues:95:5)\n    at async user.findOne (D:\\Frontend\\React-sushi-server\\node_modules\\sequelize\\lib\\model.js:1240:12))"}
{"level":"error","message":"Error: Too many calls to this number, retry in 60 seconds\nStack: RestError: Too many calls to this number, retry in 60 seconds\n    at D:\\Frontend\\React-sushi-server\\node_modules\\greensms\\dist\\index.cjs.js:250:24\n    at process.processTicksAndRejections (node:internal/process/task_queues:95:5))"}
{"level":"error","message":"Error: WHERE parameter \"tel\" has invalid \"undefined\" value\nStack: Error: WHERE parameter \"tel\" has invalid \"undefined\" value\n    at PostgresQueryGenerator.whereItemQuery (D:\\Frontend\\React-sushi-server\\node_modules\\sequelize\\lib\\dialects\\abstract\\query-generator.js:1739:13)\n    at D:\\Frontend\\React-sushi-server\\node_modules\\sequelize\\lib\\dialects\\abstract\\query-generator.js:1730:25\n    at Array.forEach (<anonymous>)\n    at PostgresQueryGenerator.whereItemsQuery (D:\\Frontend\\React-sushi-server\\node_modules\\sequelize\\lib\\dialects\\abstract\\query-generator.js:1728:35)\n    at PostgresQueryGenerator.getWhereConditions (D:\\Frontend\\React-sushi-server\\node_modules\\sequelize\\lib\\dialects\\abstract\\query-generator.js:2071:19)\n    at PostgresQueryGenerator.selectQuery (D:\\Frontend\\React-sushi-server\\node_modules\\sequelize\\lib\\dialects\\abstract\\query-generator.js:988:28)\n    at PostgresQueryInterface.select (D:\\Frontend\\React-sushi-server\\node_modules\\sequelize\\lib\\dialects\\abstract\\query-interface.js:407:59)\n    at user.findAll (D:\\Frontend\\React-sushi-server\\node_modules\\sequelize\\lib\\model.js:1140:47)\n    at process.processTicksAndRejections (node:internal/process/task_queues:95:5)\n    at async user.findOne (D:\\Frontend\\React-sushi-server\\node_modules\\sequelize\\lib\\model.js:1240:12))"}
{"level":"error","message":"Error: Validation Error\nStack: RestError: Validation Error\n    at validate (D:\\Frontend\\React-sushi-server\\node_modules\\greensms\\dist\\index.cjs.js:753:19)\n    at D:\\Frontend\\React-sushi-server\\node_modules\\greensms\\dist\\index.cjs.js:857:34\n    at new Promise (<anonymous>)\n    at _this4.moduleMap.<computed>.<computed>.<computed> [as send] (D:\\Frontend\\React-sushi-server\\node_modules\\greensms\\dist\\index.cjs.js:849:29)\n    at UserService.register (D:\\Frontend\\React-sushi-server\\service\\UserService.js:65:40)\n    at process.processTicksAndRejections (node:internal/process/task_queues:95:5)\n    at async registration (D:\\Frontend\\React-sushi-server\\controllers\\UserController.js:13:20))"}
{"level":"error","message":"Error: tel.filter is not a function\nStack: TypeError: tel.filter is not a function\n    at UserService.register (D:\\Frontend\\React-sushi-server\\service\\UserService.js:59:16)\n    at registration (D:\\Frontend\\React-sushi-server\\controllers\\UserController.js:13:38)\n    at Layer.handle [as handle_request] (D:\\Frontend\\React-sushi-server\\node_modules\\express\\lib\\router\\layer.js:95:5)\n    at next (D:\\Frontend\\React-sushi-server\\node_modules\\express\\lib\\router\\route.js:144:13)\n    at middleware (D:\\Frontend\\React-sushi-server\\node_modules\\express-validator\\src\\middlewares\\check.js:16:13)\n    at process.processTicksAndRejections (node:internal/process/task_queues:95:5))"}
{"level":"error","message":"Error: повторяющееся значение ключа нарушает ограничение уникальности \"users_tel_key\"\nStack: Error\n    at Query.run (D:\\Frontend\\React-sushi-server\\node_modules\\sequelize\\lib\\dialects\\postgres\\query.js:50:25)\n    at D:\\Frontend\\React-sushi-server\\node_modules\\sequelize\\lib\\sequelize.js:315:28\n    at process.processTicksAndRejections (node:internal/process/task_queues:95:5)\n    at async PostgresQueryInterface.insert (D:\\Frontend\\React-sushi-server\\node_modules\\sequelize\\lib\\dialects\\abstract\\query-interface.js:308:21)\n    at async model.save (D:\\Frontend\\React-sushi-server\\node_modules\\sequelize\\lib\\model.js:2490:35)\n    at async user.create (D:\\Frontend\\React-sushi-server\\node_modules\\sequelize\\lib\\model.js:1362:12)\n    at async UserService.register (D:\\Frontend\\React-sushi-server\\service\\UserService.js:76:18)\n    at async registration (D:\\Frontend\\React-sushi-server\\controllers\\UserController.js:13:20))"}
{"level":"error","message":"Error: Expected \"payload\" to be a plain object.\nStack: Error: Expected \"payload\" to be a plain object.\n    at validate (D:\\Frontend\\React-sushi-server\\node_modules\\jsonwebtoken\\sign.js:38:11)\n    at validatePayload (D:\\Frontend\\React-sushi-server\\node_modules\\jsonwebtoken\\sign.js:60:10)\n    at module.exports [as sign] (D:\\Frontend\\React-sushi-server\\node_modules\\jsonwebtoken\\sign.js:138:7)\n    at UserService.register (D:\\Frontend\\React-sushi-server\\service\\UserService.js:80:33)\n    at process.processTicksAndRejections (node:internal/process/task_queues:95:5)\n    at async registration (D:\\Frontend\\React-sushi-server\\controllers\\UserController.js:13:20))"}
{"level":"error","message":"Error: invalid signature\nStack: JsonWebTokenError: invalid signature\n    at D:\\Frontend\\React-sushi-server\\node_modules\\jsonwebtoken\\verify.js:171:19\n    at getSecret (D:\\Frontend\\React-sushi-server\\node_modules\\jsonwebtoken\\verify.js:97:14)\n    at module.exports [as verify] (D:\\Frontend\\React-sushi-server\\node_modules\\jsonwebtoken\\verify.js:101:10)\n    at UserService.register (D:\\Frontend\\React-sushi-server\\service\\UserService.js:82:16)\n    at process.processTicksAndRejections (node:internal/process/task_queues:95:5)\n    at async registration (D:\\Frontend\\React-sushi-server\\controllers\\UserController.js:13:20))"}
{"level":"error","message":"Error: Validation Error\nStack: RestError: Validation Error\n    at validate (D:\\Frontend\\React-sushi-server\\node_modules\\greensms\\dist\\index.cjs.js:753:19)\n    at D:\\Frontend\\React-sushi-server\\node_modules\\greensms\\dist\\index.cjs.js:857:34\n    at new Promise (<anonymous>)\n    at _this4.moduleMap.<computed>.<computed>.<computed> [as send] (D:\\Frontend\\React-sushi-server\\node_modules\\greensms\\dist\\index.cjs.js:849:29)\n    at UserService.register (D:\\Frontend\\React-sushi-server\\service\\UserService.js:103:40)\n    at process.processTicksAndRejections (node:internal/process/task_queues:95:5)\n    at async registration (D:\\Frontend\\React-sushi-server\\controllers\\UserController.js:13:20))"}
{"level":"error","message":"Error: Validation Error\nStack: RestError: Validation Error\n    at validate (D:\\Frontend\\React-sushi-server\\node_modules\\greensms\\dist\\index.cjs.js:753:19)\n    at D:\\Frontend\\React-sushi-server\\node_modules\\greensms\\dist\\index.cjs.js:857:34\n    at new Promise (<anonymous>)\n    at _this4.moduleMap.<computed>.<computed>.<computed> [as send] (D:\\Frontend\\React-sushi-server\\node_modules\\greensms\\dist\\index.cjs.js:849:29)\n    at UserService.register (D:\\Frontend\\React-sushi-server\\service\\UserService.js:103:40)\n    at process.processTicksAndRejections (node:internal/process/task_queues:95:5)\n    at async registration (D:\\Frontend\\React-sushi-server\\controllers\\UserController.js:13:20))"}
{"level":"error","message":"Error: Too many calls to this number, retry in 60 seconds\nStack: RestError: Too many calls to this number, retry in 60 seconds\n    at D:\\Frontend\\React-sushi-server\\node_modules\\greensms\\dist\\index.cjs.js:250:24\n    at process.processTicksAndRejections (node:internal/process/task_queues:95:5))"}
{"level":"error","message":"Error: Missing where attribute in the options parameter\nStack: AssertionError [ERR_ASSERTION]: Missing where attribute in the options parameter\n    at activation._optionsMustContainWhere (D:\\Frontend\\React-sushi-server\\node_modules\\sequelize\\lib\\model.js:2130:5)\n    at activation.update (D:\\Frontend\\React-sushi-server\\node_modules\\sequelize\\lib\\model.js:1896:10)\n    at UserService.register (D:\\Frontend\\React-sushi-server\\service\\UserService.js:109:37)\n    at process.processTicksAndRejections (node:internal/process/task_queues:95:5)\n    at async registration (D:\\Frontend\\React-sushi-server\\controllers\\UserController.js:13:20))"}
{"level":"error","message":"Error: Too many calls to this number, retry in 60 seconds\nStack: RestError: Too many calls to this number, retry in 60 seconds\n    at D:\\Frontend\\React-sushi-server\\node_modules\\greensms\\dist\\index.cjs.js:250:24\n    at process.processTicksAndRejections (node:internal/process/task_queues:95:5))"}
{"level":"error","message":"Error: Missing where attribute in the options parameter\nStack: AssertionError [ERR_ASSERTION]: Missing where attribute in the options parameter\n    at activation._optionsMustContainWhere (D:\\Frontend\\React-sushi-server\\node_modules\\sequelize\\lib\\model.js:2130:5)\n    at activation.update (D:\\Frontend\\React-sushi-server\\node_modules\\sequelize\\lib\\model.js:1896:10)\n    at UserService.register (D:\\Frontend\\React-sushi-server\\service\\UserService.js:109:37)\n    at process.processTicksAndRejections (node:internal/process/task_queues:95:5)\n    at async registration (D:\\Frontend\\React-sushi-server\\controllers\\UserController.js:13:20))"}
{"level":"error","message":"Error: Missing where attribute in the options parameter\nStack: AssertionError [ERR_ASSERTION]: Missing where attribute in the options parameter\n    at activation._optionsMustContainWhere (D:\\Frontend\\React-sushi-server\\node_modules\\sequelize\\lib\\model.js:2130:5)\n    at activation.update (D:\\Frontend\\React-sushi-server\\node_modules\\sequelize\\lib\\model.js:1896:10)\n    at UserService.register (D:\\Frontend\\React-sushi-server\\service\\UserService.js:109:37)\n    at process.processTicksAndRejections (node:internal/process/task_queues:95:5)\n    at async registration (D:\\Frontend\\React-sushi-server\\controllers\\UserController.js:13:20))"}
{"level":"error","message":"Error: Too many calls to this number, retry in 60 seconds\nStack: RestError: Too many calls to this number, retry in 60 seconds\n    at D:\\Frontend\\React-sushi-server\\node_modules\\greensms\\dist\\index.cjs.js:250:24\n    at process.processTicksAndRejections (node:internal/process/task_queues:95:5))"}
{"level":"error","message":"Error: (intermediate value).getVarDate is not a function\nStack: TypeError: (intermediate value).getVarDate is not a function\n    at UserService.register (D:\\Frontend\\React-sushi-server\\service\\UserService.js:51:23)\n    at registration (D:\\Frontend\\React-sushi-server\\controllers\\UserController.js:13:38)\n    at Layer.handle [as handle_request] (D:\\Frontend\\React-sushi-server\\node_modules\\express\\lib\\router\\layer.js:95:5)\n    at next (D:\\Frontend\\React-sushi-server\\node_modules\\express\\lib\\router\\route.js:144:13)\n    at middleware (D:\\Frontend\\React-sushi-server\\node_modules\\express-validator\\src\\middlewares\\check.js:16:13)\n    at process.processTicksAndRejections (node:internal/process/task_queues:95:5))"}
{"level":"error","message":"Error: res.cookies is not a function\nStack: TypeError: res.cookies is not a function\n    at confirm (D:\\Frontend\\React-sushi-server\\controllers\\UserController.js:24:11)\n    at process.processTicksAndRejections (node:internal/process/task_queues:95:5))"}
{"level":"error","message":"Error: res.cookies is not a function\nStack: TypeError: res.cookies is not a function\n    at confirm (D:\\Frontend\\React-sushi-server\\controllers\\UserController.js:24:11)\n    at process.processTicksAndRejections (node:internal/process/task_queues:95:5))"}
{"level":"error","message":"Error: Too many calls to this number, retry in 60 seconds\nStack: RestError: Too many calls to this number, retry in 60 seconds\n    at D:\\Frontend\\React-sushi-server\\node_modules\\greensms\\dist\\index.cjs.js:250:24\n    at process.processTicksAndRejections (node:internal/process/task_queues:95:5))"}
{"level":"error","message":"Error: WHERE parameter \"order_id\" has invalid \"undefined\" value\nStack: Error: WHERE parameter \"order_id\" has invalid \"undefined\" value\n    at PostgresQueryGenerator.whereItemQuery (D:\\Frontend\\React-sushi-server\\node_modules\\sequelize\\lib\\dialects\\abstract\\query-generator.js:1739:13)\n    at D:\\Frontend\\React-sushi-server\\node_modules\\sequelize\\lib\\dialects\\abstract\\query-generator.js:1730:25\n    at Array.forEach (<anonymous>)\n    at PostgresQueryGenerator.whereItemsQuery (D:\\Frontend\\React-sushi-server\\node_modules\\sequelize\\lib\\dialects\\abstract\\query-generator.js:1728:35)\n    at PostgresQueryGenerator.getWhereConditions (D:\\Frontend\\React-sushi-server\\node_modules\\sequelize\\lib\\dialects\\abstract\\query-generator.js:2071:19)\n    at PostgresQueryGenerator.selectQuery (D:\\Frontend\\React-sushi-server\\node_modules\\sequelize\\lib\\dialects\\abstract\\query-generator.js:988:28)\n    at PostgresQueryInterface.select (D:\\Frontend\\React-sushi-server\\node_modules\\sequelize\\lib\\dialects\\abstract\\query-interface.js:407:59)\n    at order.findAll (D:\\Frontend\\React-sushi-server\\node_modules\\sequelize\\lib\\model.js:1140:47)\n    at process.processTicksAndRejections (node:internal/process/task_queues:95:5)\n    at async order.findOne (D:\\Frontend\\React-sushi-server\\node_modules\\sequelize\\lib\\model.js:1240:12))"}
{"level":"error","message":"Error: WHERE parameter \"orderId\" has invalid \"undefined\" value\nStack: Error: WHERE parameter \"orderId\" has invalid \"undefined\" value\n    at PostgresQueryGenerator.whereItemQuery (D:\\Frontend\\React-sushi-server\\node_modules\\sequelize\\lib\\dialects\\abstract\\query-generator.js:1739:13)\n    at D:\\Frontend\\React-sushi-server\\node_modules\\sequelize\\lib\\dialects\\abstract\\query-generator.js:1730:25\n    at Array.forEach (<anonymous>)\n    at PostgresQueryGenerator.whereItemsQuery (D:\\Frontend\\React-sushi-server\\node_modules\\sequelize\\lib\\dialects\\abstract\\query-generator.js:1728:35)\n    at PostgresQueryGenerator.getWhereConditions (D:\\Frontend\\React-sushi-server\\node_modules\\sequelize\\lib\\dialects\\abstract\\query-generator.js:2071:19)\n    at PostgresQueryGenerator.selectQuery (D:\\Frontend\\React-sushi-server\\node_modules\\sequelize\\lib\\dialects\\abstract\\query-generator.js:988:28)\n    at PostgresQueryInterface.select (D:\\Frontend\\React-sushi-server\\node_modules\\sequelize\\lib\\dialects\\abstract\\query-interface.js:407:59)\n    at order.findAll (D:\\Frontend\\React-sushi-server\\node_modules\\sequelize\\lib\\model.js:1140:47)\n    at process.processTicksAndRejections (node:internal/process/task_queues:95:5)\n    at async order.findOne (D:\\Frontend\\React-sushi-server\\node_modules\\sequelize\\lib\\model.js:1240:12))"}
